{
    "meta": {
        "version": "7.2.7",
        "timestamp": "2023-08-15T18:29:16.198954",
        "branch_coverage": false,
        "show_contexts": false
    },
    "files": {
        "gendiff/__init__.py": {
            "executed_lines": [
                1
            ],
            "summary": {
                "covered_lines": 0,
                "num_statements": 0,
                "percent_covered": 100.0,
                "percent_covered_display": "100",
                "missing_lines": 0,
                "excluded_lines": 0
            },
            "missing_lines": [],
            "excluded_lines": []
        },
        "gendiff/formatters/__init__.py": {
            "executed_lines": [
                1
            ],
            "summary": {
                "covered_lines": 0,
                "num_statements": 0,
                "percent_covered": 100.0,
                "percent_covered_display": "100",
                "missing_lines": 0,
                "excluded_lines": 0
            },
            "missing_lines": [],
            "excluded_lines": []
        },
        "gendiff/formatters/formatter.py": {
            "executed_lines": [
                1,
                2,
                4,
                5,
                6,
                7,
                8,
                9
            ],
            "summary": {
                "covered_lines": 8,
                "num_statements": 8,
                "percent_covered": 100.0,
                "percent_covered_display": "100",
                "missing_lines": 0,
                "excluded_lines": 0
            },
            "missing_lines": [],
            "excluded_lines": []
        },
        "gendiff/formatters/plain.py": {
            "executed_lines": [
                1,
                3,
                10,
                11,
                12,
                13,
                14,
                15,
                18,
                19,
                20,
                21,
                24,
                25,
                26,
                27,
                28,
                29,
                30,
                31,
                32,
                33,
                34,
                35,
                38,
                39,
                40,
                41,
                42,
                43,
                44,
                45,
                46,
                49,
                50
            ],
            "summary": {
                "covered_lines": 35,
                "num_statements": 35,
                "percent_covered": 100.0,
                "percent_covered_display": "100",
                "missing_lines": 0,
                "excluded_lines": 0
            },
            "missing_lines": [],
            "excluded_lines": []
        },
        "gendiff/formatters/stylish.py": {
            "executed_lines": [
                1,
                4,
                9,
                12,
                13,
                14,
                15,
                18,
                19,
                20,
                21,
                22,
                24,
                25,
                26,
                28,
                30,
                31,
                32,
                33,
                36,
                37,
                38,
                40,
                41,
                42,
                43,
                44,
                46,
                47,
                48,
                49,
                51,
                53,
                55,
                57,
                59,
                61,
                62,
                63
            ],
            "summary": {
                "covered_lines": 40,
                "num_statements": 40,
                "percent_covered": 100.0,
                "percent_covered_display": "100",
                "missing_lines": 0,
                "excluded_lines": 0
            },
            "missing_lines": [],
            "excluded_lines": []
        },
        "gendiff/gendiff_module.py": {
            "executed_lines": [
                2,
                4,
                5,
                7,
                8,
                9,
                14,
                15,
                20,
                21,
                26,
                27,
                32,
                39
            ],
            "summary": {
                "covered_lines": 14,
                "num_statements": 14,
                "percent_covered": 100.0,
                "percent_covered_display": "100",
                "missing_lines": 0,
                "excluded_lines": 0
            },
            "missing_lines": [],
            "excluded_lines": []
        },
        "gendiff/parser.py": {
            "executed_lines": [
                1,
                2,
                3,
                4,
                7,
                8,
                13,
                14,
                15,
                16,
                19
            ],
            "summary": {
                "covered_lines": 11,
                "num_statements": 17,
                "percent_covered": 64.70588235294117,
                "percent_covered_display": "65",
                "missing_lines": 6,
                "excluded_lines": 0
            },
            "missing_lines": [
                20,
                23,
                24,
                25,
                35,
                36
            ],
            "excluded_lines": []
        },
        "gendiff/scripts/__init__.py": {
            "executed_lines": [
                1
            ],
            "summary": {
                "covered_lines": 0,
                "num_statements": 0,
                "percent_covered": 100.0,
                "percent_covered_display": "100",
                "missing_lines": 0,
                "excluded_lines": 0
            },
            "missing_lines": [],
            "excluded_lines": []
        },
        "gendiff/scripts/gendiff_entry.py": {
            "executed_lines": [
                1,
                2,
                3,
                6,
                7,
                8,
                9,
                10,
                12,
                17
            ],
            "summary": {
                "covered_lines": 10,
                "num_statements": 13,
                "percent_covered": 76.92307692307692,
                "percent_covered_display": "77",
                "missing_lines": 3,
                "excluded_lines": 0
            },
            "missing_lines": [
                13,
                14,
                18
            ],
            "excluded_lines": []
        }
    },
    "totals": {
        "covered_lines": 118,
        "num_statements": 127,
        "percent_covered": 92.91338582677166,
        "percent_covered_display": "93",
        "missing_lines": 9,
        "excluded_lines": 0
    }
}