{"meta": {"version": "7.2.7", "timestamp": "2023-08-16T17:11:00.831375", "branch_coverage": false, "show_contexts": false}, "files": {"gendiff/__init__.py": {"executed_lines": [1, 2, 3, 4, 7], "summary": {"covered_lines": 5, "num_statements": 5, "percent_covered": 100.0, "percent_covered_display": "100", "missing_lines": 0, "excluded_lines": 0}, "missing_lines": [], "excluded_lines": []}, "gendiff/formatters/__init__.py": {"executed_lines": [1], "summary": {"covered_lines": 0, "num_statements": 0, "percent_covered": 100.0, "percent_covered_display": "100", "missing_lines": 0, "excluded_lines": 0}, "missing_lines": [], "excluded_lines": []}, "gendiff/formatters/formatter.py": {"executed_lines": [1, 2, 3, 6, 7, 8, 9, 10, 11, 12, 13], "summary": {"covered_lines": 11, "num_statements": 11, "percent_covered": 100.0, "percent_covered_display": "100", "missing_lines": 0, "excluded_lines": 0}, "missing_lines": [], "excluded_lines": []}, "gendiff/formatters/json.py": {"executed_lines": [1, 4, 5], "summary": {"covered_lines": 3, "num_statements": 3, "percent_covered": 100.0, "percent_covered_display": "100", "missing_lines": 0, "excluded_lines": 0}, "missing_lines": [], "excluded_lines": []}, "gendiff/formatters/plain.py": {"executed_lines": [1, 3, 10, 11, 12, 13, 14, 15, 18, 19, 20, 21, 24, 25, 26, 27, 28, 29, 30, 31, 32, 33, 34, 35, 38, 39, 40, 41, 42, 43, 44, 45, 46, 49, 50], "summary": {"covered_lines": 35, "num_statements": 35, "percent_covered": 100.0, "percent_covered_display": "100", "missing_lines": 0, "excluded_lines": 0}, "missing_lines": [], "excluded_lines": []}, "gendiff/formatters/stylish.py": {"executed_lines": [1, 4, 5, 8, 9, 10, 11, 14, 15, 16, 17, 18, 20, 21, 22, 23, 25, 26, 27, 28, 31, 32, 33, 35, 36, 37, 38, 39, 42, 43, 44, 45, 49, 53, 55, 59, 61, 64, 65, 66], "summary": {"covered_lines": 40, "num_statements": 40, "percent_covered": 100.0, "percent_covered_display": "100", "missing_lines": 0, "excluded_lines": 0}, "missing_lines": [], "excluded_lines": []}, "gendiff/gendiff_module.py": {"executed_lines": [1, 2, 3, 5, 6, 7, 12, 13, 18, 19, 24, 25, 30, 37], "summary": {"covered_lines": 14, "num_statements": 14, "percent_covered": 100.0, "percent_covered_display": "100", "missing_lines": 0, "excluded_lines": 0}, "missing_lines": [], "excluded_lines": []}, "gendiff/parser.py": {"executed_lines": [1, 2, 3, 4, 7, 8, 13, 14, 15, 16, 19], "summary": {"covered_lines": 11, "num_statements": 17, "percent_covered": 64.70588235294117, "percent_covered_display": "65", "missing_lines": 6, "excluded_lines": 0}, "missing_lines": [20, 23, 24, 25, 36, 37], "excluded_lines": []}, "gendiff/scripts/__init__.py": {"executed_lines": [1], "summary": {"covered_lines": 0, "num_statements": 0, "percent_covered": 100.0, "percent_covered_display": "100", "missing_lines": 0, "excluded_lines": 0}, "missing_lines": [], "excluded_lines": []}, "gendiff/scripts/gendiff_entry.py": {"executed_lines": [1, 2, 3, 6, 7, 8, 9, 10, 13, 18], "summary": {"covered_lines": 10, "num_statements": 13, "percent_covered": 76.92307692307692, "percent_covered_display": "77", "missing_lines": 3, "excluded_lines": 0}, "missing_lines": [14, 15, 19], "excluded_lines": []}}, "totals": {"covered_lines": 129, "num_statements": 138, "percent_covered": 93.47826086956522, "percent_covered_display": "93", "missing_lines": 9, "excluded_lines": 0}}